<?xml version="1.0" encoding="UTF-8"?>
<testng-results skipped="0" failed="0" ignored="0" total="1" passed="1">
  <reporter-output>
  </reporter-output>
  <suite name="Default suite" duration-ms="3864" started-at="2018-09-23T17:27:09Z" finished-at="2018-09-23T17:27:13Z">
    <groups>
    </groups>
    <test name="Default test" duration-ms="3864" started-at="2018-09-23T17:27:09Z" finished-at="2018-09-23T17:27:13Z">
      <class name="stringsPractice.GetCharAtspecificIndex">
        <test-method status="PASS" signature="getCharforStringChars()[pri:0, instance:stringsPractice.GetCharAtspecificIndex@3c22fc4c]" name="getCharforStringChars" duration-ms="3832" started-at="2018-09-23T17:27:09Z" finished-at="2018-09-23T17:27:13Z">
          <reporter-output>
          </reporter-output>
        </test-method> <!-- getCharforStringChars -->
      </class> <!-- stringsPractice.GetCharAtspecificIndex -->
    </test> <!-- Default test -->
  </suite> <!-- Default suite -->
</testng-results>
