<?xml version="1.0" encoding="UTF-8"?>
<testng-results skipped="0" failed="0" ignored="0" total="1" passed="1">
  <reporter-output>
  </reporter-output>
  <suite name="Default suite" duration-ms="10150" started-at="2018-09-23T18:01:24Z" finished-at="2018-09-23T18:01:34Z">
    <groups>
    </groups>
    <test name="Default test" duration-ms="10150" started-at="2018-09-23T18:01:24Z" finished-at="2018-09-23T18:01:34Z">
      <class name="stringExercises.GetCharAtIndex">
        <test-method status="PASS" signature="getChar()[pri:0, instance:stringExercises.GetCharAtIndex@3c22fc4c]" name="getChar" duration-ms="10118" started-at="2018-09-23T18:01:24Z" finished-at="2018-09-23T18:01:34Z">
          <reporter-output>
          </reporter-output>
        </test-method> <!-- getChar -->
      </class> <!-- stringExercises.GetCharAtIndex -->
    </test> <!-- Default test -->
  </suite> <!-- Default suite -->
</testng-results>
